/*C21*/SET SCHEMA PUBLIC
DROP TABLE IF EXISTS NAVIO
CREATE TABLE NAVIO  (ID INTEGER GENERATED BY DEFAULT AS IDENTITY  (START WITH 1, INCREMENT BY 1) NOT NULL, QTDCARGA INTEGER NOT NULL, QTDPASSAGEIROS INTEGER NOT NULL, TIPO_NAVIO varchar(30) NOT NULL, PRIMARY KEY (ID) )
DISCONNECT
/*C22*/SET SCHEMA PUBLIC
INSERT INTO NAVIO VALUES(1,0,200,'ESCUNA')
COMMIT
DISCONNECT
/*C23*/SET SCHEMA PUBLIC
DISCONNECT
/*C24*/SET SCHEMA PUBLIC
DELETE FROM NAVIO WHERE ID=1
INSERT INTO NAVIO VALUES(1,0,200,'ESCUNA')
COMMIT
DISCONNECT
/*C25*/SET SCHEMA PUBLIC
DISCONNECT
/*C26*/SET SCHEMA PUBLIC
DROP TABLE IF EXISTS NAVIO
CREATE TABLE NAVIO  (ID INTEGER GENERATED BY DEFAULT AS IDENTITY  (START WITH 1, INCREMENT BY 1) NOT NULL, QTDCARGA INTEGER NOT NULL, QTDPASSAGEIROS INTEGER NOT NULL, TIPO_NAVIO varchar(30) NOT NULL, PRIMARY KEY (ID) )
DISCONNECT
/*C27*/SET SCHEMA PUBLIC
INSERT INTO NAVIO VALUES(1,0,200,'CRUZEIRO')
COMMIT
DISCONNECT
/*C28*/SET SCHEMA PUBLIC
DISCONNECT
/*C29*/SET SCHEMA PUBLIC
DELETE FROM NAVIO WHERE ID=1
COMMIT
DISCONNECT
/*C30*/SET SCHEMA PUBLIC
DISCONNECT
/*C31*/SET SCHEMA PUBLIC
DROP TABLE IF EXISTS NAVIO
CREATE TABLE NAVIO  (ID INTEGER GENERATED BY DEFAULT AS IDENTITY  (START WITH 1, INCREMENT BY 1) NOT NULL, QTDCARGA INTEGER NOT NULL, QTDPASSAGEIROS INTEGER NOT NULL, TIPO_NAVIO varchar(30) NOT NULL, PRIMARY KEY (ID) )
DISCONNECT
/*C32*/SET SCHEMA PUBLIC
INSERT INTO NAVIO VALUES(1,0,200,'CRUZEIRO')
COMMIT
DISCONNECT
/*C33*/SET SCHEMA PUBLIC
INSERT INTO NAVIO VALUES(2,0,171,'CRUZEIRO')
COMMIT
DISCONNECT
/*C34*/SET SCHEMA PUBLIC
DISCONNECT
/*C35*/SET SCHEMA PUBLIC
DROP TABLE IF EXISTS NAVIO
CREATE TABLE NAVIO  (ID INTEGER GENERATED BY DEFAULT AS IDENTITY  (START WITH 1, INCREMENT BY 1) NOT NULL, QTDCARGA INTEGER NOT NULL, QTDPASSAGEIROS INTEGER NOT NULL, TIPO_NAVIO varchar(30) NOT NULL, PRIMARY KEY (ID) )
DISCONNECT
/*C36*/SET SCHEMA PUBLIC
INSERT INTO NAVIO VALUES(1,0,200,'CRUZEIRO')
COMMIT
DISCONNECT
/*C37*/SET SCHEMA PUBLIC
DISCONNECT
/*C38*/SET SCHEMA PUBLIC
DROP TABLE IF EXISTS NAVIO
CREATE TABLE NAVIO  (ID INTEGER GENERATED BY DEFAULT AS IDENTITY  (START WITH 1, INCREMENT BY 1) NOT NULL, QTDCARGA INTEGER NOT NULL, QTDPASSAGEIROS INTEGER NOT NULL, TIPO_NAVIO varchar(30) NOT NULL, PRIMARY KEY (ID) )
DISCONNECT
/*C39*/SET SCHEMA PUBLIC
INSERT INTO NAVIO VALUES(1,0,200,'CRUZEIRO')
COMMIT
DISCONNECT
